<?xml version="1.0" encoding="UTF-8" ?>
<testsuite failures="0" time="0.009" errors="0" skipped="0" tests="1" name="com.github.gmjordan.mustache.java.struts.AppTest">
  <properties>
    <property name="java.runtime.name" value="Java(TM) SE Runtime Environment"/>
    <property name="sun.boot.library.path" value="/System/Library/Java/JavaVirtualMachines/1.6.0.jdk/Contents/Libraries"/>
    <property name="java.vm.version" value="20.51-b01-457"/>
    <property name="awt.nativeDoubleBuffering" value="true"/>
    <property name="gopherProxySet" value="false"/>
    <property name="mrj.build" value="11M4509"/>
    <property name="java.vm.vendor" value="Apple Inc."/>
    <property name="java.vendor.url" value="http://www.apple.com/"/>
    <property name="path.separator" value=":"/>
    <property name="java.vm.name" value="Java HotSpot(TM) 64-Bit Server VM"/>
    <property name="file.encoding.pkg" value="sun.io"/>
    <property name="user.country" value="US"/>
    <property name="sun.java.launcher" value="SUN_STANDARD"/>
    <property name="sun.os.patch.level" value="unknown"/>
    <property name="java.vm.specification.name" value="Java Virtual Machine Specification"/>
    <property name="user.dir" value="/Users/gregorymjordan/git/struts2.mustache.java/mustache-java-struts2"/>
    <property name="java.runtime.version" value="1.6.0_51-b11-457-11M4509"/>
    <property name="java.awt.graphicsenv" value="apple.awt.CGraphicsEnvironment"/>
    <property name="basedir" value="/Users/gregorymjordan/git/struts2.mustache.java/mustache-java-struts2"/>
    <property name="java.endorsed.dirs" value="/System/Library/Java/JavaVirtualMachines/1.6.0.jdk/Contents/Home/lib/endorsed"/>
    <property name="os.arch" value="x86_64"/>
    <property name="surefire.real.class.path" value="/Users/gregorymjordan/git/struts2.mustache.java/mustache-java-struts2/target/surefire/surefirebooter5422996071834535780.jar"/>
    <property name="java.io.tmpdir" value="/var/folders/ww/nq46tyz10_bb9rvfl0581r440000gn/T/"/>
    <property name="line.separator" value="
"/>
    <property name="java.vm.specification.vendor" value="Sun Microsystems Inc."/>
    <property name="os.name" value="Mac OS X"/>
    <property name="sun.jnu.encoding" value="MacRoman"/>
    <property name="java.library.path" value=".:/Library/Java/Extensions:/System/Library/Java/Extensions:/usr/lib/java"/>
    <property name="surefire.test.class.path" value="/Users/gregorymjordan/git/struts2.mustache.java/mustache-java-struts2/target/test-classes:/Users/gregorymjordan/git/struts2.mustache.java/mustache-java-struts2/target/classes:/Users/gregorymjordan/.m2/repository/junit/junit/3.8.1/junit-3.8.1.jar:/Users/gregorymjordan/.m2/repository/javax/servlet/javax.servlet-api/3.0.1/javax.servlet-api-3.0.1.jar:/Users/gregorymjordan/.m2/repository/org/apache/struts/struts2-core/2.3.15.1/struts2-core-2.3.15.1.jar:/Users/gregorymjordan/.m2/repository/org/apache/struts/xwork/xwork-core/2.3.15.1/xwork-core-2.3.15.1.jar:/Users/gregorymjordan/.m2/repository/org/apache/commons/commons-lang3/3.1/commons-lang3-3.1.jar:/Users/gregorymjordan/.m2/repository/asm/asm/3.3/asm-3.3.jar:/Users/gregorymjordan/.m2/repository/asm/asm-commons/3.3/asm-commons-3.3.jar:/Users/gregorymjordan/.m2/repository/asm/asm-tree/3.3/asm-tree-3.3.jar:/Users/gregorymjordan/.m2/repository/org/freemarker/freemarker/2.3.19/freemarker-2.3.19.jar:/Users/gregorymjordan/.m2/repository/ognl/ognl/3.0.6/ognl-3.0.6.jar:/Users/gregorymjordan/.m2/repository/javassist/javassist/3.11.0.GA/javassist-3.11.0.GA.jar:/Users/gregorymjordan/.m2/repository/commons-fileupload/commons-fileupload/1.3/commons-fileupload-1.3.jar:/Users/gregorymjordan/.m2/repository/commons-io/commons-io/2.0.1/commons-io-2.0.1.jar:/Users/gregorymjordan/.m2/repository/com/github/spullara/mustache/java/compiler/0.8.12/compiler-0.8.12.jar:/Users/gregorymjordan/.m2/repository/com/google/guava/guava/13.0.1/guava-13.0.1.jar:/Users/gregorymjordan/.m2/repository/log4j/log4j/1.2.16/log4j-1.2.16.jar:"/>
    <property name="java.specification.name" value="Java Platform API Specification"/>
    <property name="java.class.version" value="50.0"/>
    <property name="sun.management.compiler" value="HotSpot 64-Bit Tiered Compilers"/>
    <property name="os.version" value="10.7.5"/>
    <property name="http.nonProxyHosts" value="local|*.local|169.254/16|*.169.254/16"/>
    <property name="user.home" value="/Users/gregorymjordan"/>
    <property name="user.timezone" value=""/>
    <property name="java.awt.printerjob" value="apple.awt.CPrinterJob"/>
    <property name="java.specification.version" value="1.6"/>
    <property name="file.encoding" value="MacRoman"/>
    <property name="user.name" value="gregorymjordan"/>
    <property name="java.class.path" value="/Users/gregorymjordan/git/struts2.mustache.java/mustache-java-struts2/target/test-classes:/Users/gregorymjordan/git/struts2.mustache.java/mustache-java-struts2/target/classes:/Users/gregorymjordan/.m2/repository/junit/junit/3.8.1/junit-3.8.1.jar:/Users/gregorymjordan/.m2/repository/javax/servlet/javax.servlet-api/3.0.1/javax.servlet-api-3.0.1.jar:/Users/gregorymjordan/.m2/repository/org/apache/struts/struts2-core/2.3.15.1/struts2-core-2.3.15.1.jar:/Users/gregorymjordan/.m2/repository/org/apache/struts/xwork/xwork-core/2.3.15.1/xwork-core-2.3.15.1.jar:/Users/gregorymjordan/.m2/repository/org/apache/commons/commons-lang3/3.1/commons-lang3-3.1.jar:/Users/gregorymjordan/.m2/repository/asm/asm/3.3/asm-3.3.jar:/Users/gregorymjordan/.m2/repository/asm/asm-commons/3.3/asm-commons-3.3.jar:/Users/gregorymjordan/.m2/repository/asm/asm-tree/3.3/asm-tree-3.3.jar:/Users/gregorymjordan/.m2/repository/org/freemarker/freemarker/2.3.19/freemarker-2.3.19.jar:/Users/gregorymjordan/.m2/repository/ognl/ognl/3.0.6/ognl-3.0.6.jar:/Users/gregorymjordan/.m2/repository/javassist/javassist/3.11.0.GA/javassist-3.11.0.GA.jar:/Users/gregorymjordan/.m2/repository/commons-fileupload/commons-fileupload/1.3/commons-fileupload-1.3.jar:/Users/gregorymjordan/.m2/repository/commons-io/commons-io/2.0.1/commons-io-2.0.1.jar:/Users/gregorymjordan/.m2/repository/com/github/spullara/mustache/java/compiler/0.8.12/compiler-0.8.12.jar:/Users/gregorymjordan/.m2/repository/com/google/guava/guava/13.0.1/guava-13.0.1.jar:/Users/gregorymjordan/.m2/repository/log4j/log4j/1.2.16/log4j-1.2.16.jar:"/>
    <property name="java.vm.specification.version" value="1.0"/>
    <property name="sun.arch.data.model" value="64"/>
    <property name="java.home" value="/System/Library/Java/JavaVirtualMachines/1.6.0.jdk/Contents/Home"/>
    <property name="sun.java.command" value="/Users/gregorymjordan/git/struts2.mustache.java/mustache-java-struts2/target/surefire/surefirebooter5422996071834535780.jar /Users/gregorymjordan/git/struts2.mustache.java/mustache-java-struts2/target/surefire/surefire4587076420408763799tmp /Users/gregorymjordan/git/struts2.mustache.java/mustache-java-struts2/target/surefire/surefire4311950043776262739tmp"/>
    <property name="java.specification.vendor" value="Sun Microsystems Inc."/>
    <property name="user.language" value="en"/>
    <property name="awt.toolkit" value="apple.awt.CToolkit"/>
    <property name="java.vm.info" value="mixed mode"/>
    <property name="java.version" value="1.6.0_51"/>
    <property name="java.ext.dirs" value="/Library/Java/Extensions:/System/Library/Java/Extensions:/System/Library/Java/JavaVirtualMachines/1.6.0.jdk/Contents/Home/lib/ext"/>
    <property name="sun.boot.class.path" value="/System/Library/Java/JavaVirtualMachines/1.6.0.jdk/Contents/Classes/jsfd.jar:/System/Library/Java/JavaVirtualMachines/1.6.0.jdk/Contents/Classes/classes.jar:/System/Library/Frameworks/JavaVM.framework/Frameworks/JavaRuntimeSupport.framework/Resources/Java/JavaRuntimeSupport.jar:/System/Library/Java/JavaVirtualMachines/1.6.0.jdk/Contents/Classes/ui.jar:/System/Library/Java/JavaVirtualMachines/1.6.0.jdk/Contents/Classes/laf.jar:/System/Library/Java/JavaVirtualMachines/1.6.0.jdk/Contents/Classes/sunrsasign.jar:/System/Library/Java/JavaVirtualMachines/1.6.0.jdk/Contents/Classes/jsse.jar:/System/Library/Java/JavaVirtualMachines/1.6.0.jdk/Contents/Classes/jce.jar:/System/Library/Java/JavaVirtualMachines/1.6.0.jdk/Contents/Classes/charsets.jar"/>
    <property name="java.vendor" value="Apple Inc."/>
    <property name="localRepository" value="/Users/gregorymjordan/.m2/repository"/>
    <property name="file.separator" value="/"/>
    <property name="java.vendor.url.bug" value="http://bugreport.apple.com/"/>
    <property name="sun.cpu.endian" value="little"/>
    <property name="sun.io.unicode.encoding" value="UnicodeLittle"/>
    <property name="mrj.version" value="1070.1.6.0_51-457"/>
    <property name="socksNonProxyHosts" value="local|*.local|169.254/16|*.169.254/16"/>
    <property name="ftp.nonProxyHosts" value="local|*.local|169.254/16|*.169.254/16"/>
    <property name="sun.cpu.isalist" value=""/>
  </properties>
  <testcase time="0.001" classname="com.github.gmjordan.mustache.java.struts.AppTest" name="testApp"/>
</testsuite>